<?xml version="1.0" encoding="UTF-8"?>
<!-- Generated by org.testng.reporters.JUnitReportReporter -->
<testsuite skipped="0" hostname="lenovo-PC" name="com.ecommerce.test.SortbynameTest" tests="1" failures="0" timestamp="16 Jun 2020 12:45:06 GMT" time="14.381" errors="0">
  <testcase name="Mobilesort" time="14.381" classname="com.ecommerce.test.SortbynameTest"/>
</testsuite> <!-- com.ecommerce.test.SortbynameTest -->
