<?xml version="1.0" encoding="UTF-8"?>
<!-- Generated by org.testng.reporters.JUnitReportReporter -->
<testsuite skipped="0" hostname="lenovo-PC" name="com.ecommerce.test.Compare2Products" tests="1" failures="0" timestamp="17 Jun 2020 10:54:47 GMT" time="19.753" errors="0">
  <testcase name="productcomparion" time="19.753" classname="com.ecommerce.test.Compare2Products"/>
</testsuite> <!-- com.ecommerce.test.Compare2Products -->
