<?xml version="1.0" encoding="UTF-8"?>
<!-- Generated by org.testng.reporters.JUnitReportReporter -->
<testsuite skipped="0" hostname="lenovo-PC" name="com.ecommerce.test.WishListShareTest" tests="1" failures="0" timestamp="18 Jun 2020 12:21:00 GMT" time="11.828" errors="0">
  <testcase name="productcomparion" time="11.828" classname="com.ecommerce.test.WishListShareTest"/>
</testsuite> <!-- com.ecommerce.test.WishListShareTest -->
